<?xml version="1.0" encoding="UTF-8"?><testsuite errors="0" failures="1" name="Linio Pe" skipped="0" tests="1" time="32.79" timestamp="2019-11-13 10:06:18"><testcase name="find a product"><failure message="Expected condition failed: waiting for [[RemoteWebDriver: chrome on XP (8a864918b923eb0468898549eae9a18a)] -&gt; xpath: //*[contains(text(),'Xiaomi Band 4 Original')]] to be displayed (tried for 5 second(s) with 100 milliseconds interval)&#10;Build info: version: '3.141.59', revision: 'e82be7d358', time: '2018-11-14T08:17:03'&#10;System info: host: 'YEISONSANCHEZNE', ip: '192.168.100.83', os.name: 'Windows 10', os.arch: 'amd64', os.version: '10.0', java.version: '1.8.0_181'&#10;Driver info: driver.version: unknown" type="net.thucydides.core.webdriver.exceptions.ElementShouldBeVisibleException">Expected condition failed: waiting for [[RemoteWebDriver: chrome on XP (8a864918b923eb0468898549eae9a18a)] -&gt; xpath: //*[contains(text(),'Xiaomi Band 4 Original')]] to be displayed (tried for 5 second(s) with 100 milliseconds interval)
Build info: version: '3.141.59', revision: 'e82be7d358', time: '2018-11-14T08:17:03'
System info: host: 'YEISONSANCHEZNE', ip: '192.168.100.83', os.name: 'Windows 10', os.arch: 'amd64', os.version: '10.0', java.version: '1.8.0_181'
Driver info: driver.version: unknown</failure><system-err>Expected condition failed: waiting for [[RemoteWebDriver: chrome on XP (8a864918b923eb0468898549eae9a18a)] -&gt; xpath: //*[contains(text(),'Xiaomi Band 4 Original')]] to be displayed (tried for 5 second(s) with 100 milliseconds interval)
Build info: version: '3.141.59', revision: 'e82be7d358', time: '2018-11-14T08:17:03'
System info: host: 'YEISONSANCHEZNE', ip: '192.168.100.83', os.name: 'Windows 10', os.arch: 'amd64', os.version: '10.0', java.version: '1.8.0_181'
Driver info: driver.version: unknown&#13;
pe.linio.tasks.ValidateProductCart.performAs(ValidateProductCart.java:30)&#13;
pe.linio.stepdefinitions.LinioStepDefinitios.heShouldSeeAtLeastVideoListed(LinioStepDefinitios.java:39)&#13;
cucumber.runner.Runner.runPickle(Runner.java:80)&#13;
org.eclipse.jdt.internal.junit4.runner.JUnit4TestReference.run(JUnit4TestReference.java:86)&#13;
org.eclipse.jdt.internal.junit.runner.TestExecution.run(TestExecution.java:38)&#13;
org.eclipse.jdt.internal.junit.runner.RemoteTestRunner.runTests(RemoteTestRunner.java:538)&#13;
org.eclipse.jdt.internal.junit.runner.RemoteTestRunner.runTests(RemoteTestRunner.java:760)&#13;
org.eclipse.jdt.internal.junit.runner.RemoteTestRunner.run(RemoteTestRunner.java:460)&#13;
org.eclipse.jdt.internal.junit.runner.RemoteTestRunner.main(RemoteTestRunner.java:206)&#13;
</system-err></testcase></testsuite>